[2019-12-16T15:49:47.310] [DEBUG] cheese - login => username:admin,password:123456
[2019-12-16T15:49:47.314] [DEBUG] cheese - admin
[2019-12-16T15:49:47.331] [DEBUG] cheese - null
[2019-12-16T15:49:47.331] [DEBUG] cheese - null
[2019-12-16T15:51:49.877] [DEBUG] cheese - login => username:admin,password:123456
[2019-12-16T15:51:49.878] [DEBUG] cheese - admin
[2019-12-16T15:51:49.890] [DEBUG] cheese - null
[2019-12-16T15:51:49.891] [DEBUG] cheese - null
[2020-09-13T21:09:43.873] [DEBUG] cheese - login => username:4444,password:666ttttt
[2020-09-13T21:09:43.875] [DEBUG] cheese - 4444
[2020-09-13T21:09:43.883] [DEBUG] cheese - null
[2020-09-13T21:09:43.883] [DEBUG] cheese - null
[2020-09-13T21:10:00.822] [DEBUG] cheese - login => username:4444,password:666ttttt
[2020-09-13T21:10:00.822] [DEBUG] cheese - 4444
[2020-09-13T21:10:00.824] [DEBUG] cheese - null
[2020-09-13T21:10:00.824] [DEBUG] cheese - null
[2020-09-13T21:10:21.997] [DEBUG] cheese - login => username:admin,password:123456
[2020-09-13T21:10:21.997] [DEBUG] cheese - admin
[2020-09-13T21:10:22.001] [DEBUG] cheese - null
[2020-09-13T21:10:22.001] [DEBUG] cheese - null
[2020-09-13T21:11:40.227] [DEBUG] cheese - login => username:admin,password:123456
[2020-09-13T21:11:40.227] [DEBUG] cheese - admin
[2020-09-13T21:11:40.229] [DEBUG] cheese - null
[2020-09-13T21:11:40.229] [DEBUG] cheese - null
[2020-09-13T21:22:54.621] [DEBUG] cheese - login => username:admin,password:123456
[2020-09-13T21:22:54.621] [DEBUG] cheese - admin
[2020-09-13T21:22:54.623] [DEBUG] cheese - null
[2020-09-13T21:22:54.623] [DEBUG] cheese - null
[2020-09-13T21:43:05.659] [DEBUG] cheese - login => username:admin,password:123456
[2020-09-13T21:43:05.660] [DEBUG] cheese - admin
[2020-09-13T21:43:05.666] [DEBUG] cheese - null
[2020-09-13T21:43:05.666] [DEBUG] cheese - null
[2020-09-13T22:06:15.739] [DEBUG] cheese - login => username:admin,password:123456
[2020-09-13T22:06:15.739] [DEBUG] cheese - admin
[2020-09-13T22:06:15.742] [DEBUG] cheese - null
[2020-09-13T22:06:15.744] [DEBUG] cheese - null
[2020-09-13T22:11:48.969] [DEBUG] cheese - login => username:admin,password:123456
[2020-09-13T22:11:48.969] [DEBUG] cheese - admin
[2020-09-13T22:11:48.971] [DEBUG] cheese - null
[2020-09-13T22:11:48.972] [DEBUG] cheese - null
[2020-09-13T23:01:53.974] [DEBUG] cheese - login => username:admin,password:123456
[2020-09-13T23:01:53.974] [DEBUG] cheese - admin
[2020-09-13T23:01:53.982] [DEBUG] cheese - null
[2020-09-13T23:01:53.982] [DEBUG] cheese - null
[2020-09-13T23:10:59.365] [DEBUG] cheese - login => username:admin,password:123456
[2020-09-13T23:10:59.366] [DEBUG] cheese - admin
[2020-09-13T23:10:59.368] [DEBUG] cheese - null
[2020-09-13T23:10:59.368] [DEBUG] cheese - null
[2020-09-13T23:19:52.666] [DEBUG] cheese - login => username:admin,password:123456
[2020-09-13T23:19:52.666] [DEBUG] cheese - admin
[2020-09-13T23:19:52.669] [DEBUG] cheese - null
[2020-09-13T23:19:52.670] [DEBUG] cheese - null
[2020-09-14T08:23:45.210] [DEBUG] cheese - login => username:admin,password:123456
[2020-09-14T08:23:45.211] [DEBUG] cheese - admin
[2020-09-14T08:23:45.216] [DEBUG] cheese - null
[2020-09-14T08:23:45.216] [DEBUG] cheese - null
[2020-09-14T08:57:08.657] [DEBUG] cheese - login => username:admin,password:123456
[2020-09-14T08:57:08.657] [DEBUG] cheese - admin
[2020-09-14T08:57:08.659] [DEBUG] cheese - null
[2020-09-14T08:57:08.659] [DEBUG] cheese - null
[2020-09-14T10:39:11.033] [DEBUG] cheese - login => username:admin,password:123456
[2020-09-14T10:39:11.034] [DEBUG] cheese - admin
[2020-09-14T10:39:11.039] [DEBUG] cheese - null
[2020-09-14T10:39:11.040] [DEBUG] cheese - null
[2020-09-14T10:39:31.202] [DEBUG] cheese - login => username:admin,password:123456
[2020-09-14T10:39:31.202] [DEBUG] cheese - admin
[2020-09-14T10:39:31.203] [DEBUG] cheese - null
[2020-09-14T10:39:31.203] [DEBUG] cheese - null
[2020-09-14T15:48:08.440] [DEBUG] cheese - login => username:admin,password:123456
[2020-09-14T15:48:08.440] [DEBUG] cheese - admin
[2020-09-14T15:48:08.444] [DEBUG] cheese - null
[2020-09-14T15:48:08.444] [DEBUG] cheese - null
[2020-09-14T15:48:45.648] [DEBUG] cheese - login => username:admin,password:123456
[2020-09-14T15:48:45.648] [DEBUG] cheese - admin
[2020-09-14T15:48:45.651] [DEBUG] cheese - null
[2020-09-14T15:48:45.651] [DEBUG] cheese - null
[2020-09-14T19:46:33.189] [DEBUG] cheese - login => username:admin,password:123456
[2020-09-14T19:46:33.190] [DEBUG] cheese - admin
[2020-09-14T19:46:33.194] [DEBUG] cheese - null
[2020-09-14T19:46:33.194] [DEBUG] cheese - null
[2020-09-14T20:04:54.789] [DEBUG] cheese - login => username:admin,password:123456
[2020-09-14T20:04:54.790] [DEBUG] cheese - admin
[2020-09-14T20:04:54.792] [DEBUG] cheese - null
[2020-09-14T20:04:54.793] [DEBUG] cheese - null
[2020-09-14T20:04:54.872] [DEBUG] cheese - login => username:admin,password:123456
[2020-09-14T20:04:54.872] [DEBUG] cheese - admin
[2020-09-14T20:04:54.878] [DEBUG] cheese - null
[2020-09-14T20:04:54.878] [DEBUG] cheese - null
[2020-09-14T20:05:15.397] [DEBUG] cheese - login => username:admin,password:123456
[2020-09-14T20:05:15.398] [DEBUG] cheese - admin
[2020-09-14T20:05:15.400] [DEBUG] cheese - null
[2020-09-14T20:05:15.400] [DEBUG] cheese - null
[2020-09-14T20:09:00.952] [DEBUG] cheese - login => username:admin,password:123456
[2020-09-14T20:09:00.952] [DEBUG] cheese - admin
[2020-09-14T20:09:00.954] [DEBUG] cheese - null
[2020-09-14T20:09:00.954] [DEBUG] cheese - null
[2020-09-14T20:09:01.036] [DEBUG] cheese - login => username:admin,password:123456
[2020-09-14T20:09:01.036] [DEBUG] cheese - admin
[2020-09-14T20:09:01.038] [DEBUG] cheese - null
[2020-09-14T20:09:01.039] [DEBUG] cheese - null
[2020-09-16T08:32:12.628] [DEBUG] cheese - login => username:admin,password:123456
[2020-09-16T08:32:12.633] [DEBUG] cheese - admin
[2020-09-16T08:32:12.643] [DEBUG] cheese - null
[2020-09-16T08:32:12.644] [DEBUG] cheese - null
[2020-09-16T09:23:57.717] [DEBUG] cheese - login => username:admin,password:123456
[2020-09-16T09:23:57.719] [DEBUG] cheese - admin
[2020-09-16T09:23:57.744] [DEBUG] cheese - null
[2020-09-16T09:23:57.744] [DEBUG] cheese - null
[2020-09-16T20:19:12.243] [DEBUG] cheese - login => username:admin,password:123456
[2020-09-16T20:19:12.243] [DEBUG] cheese - admin
[2020-09-16T20:19:12.245] [DEBUG] cheese - null
[2020-09-16T20:19:12.245] [DEBUG] cheese - null
[2020-09-16T21:48:34.668] [DEBUG] cheese - login => username:admin,password:123456
[2020-09-16T21:48:34.669] [DEBUG] cheese - admin
[2020-09-16T21:48:34.671] [DEBUG] cheese - null
[2020-09-16T21:48:34.671] [DEBUG] cheese - null
[2020-09-17T08:31:17.891] [DEBUG] cheese - login => username:admin,password:123456
[2020-09-17T08:31:17.892] [DEBUG] cheese - admin
[2020-09-17T08:31:17.910] [DEBUG] cheese - null
[2020-09-17T08:31:17.910] [DEBUG] cheese - null
[2020-09-17T11:42:14.163] [DEBUG] cheese - login => username:admin,password:123456
[2020-09-17T11:42:14.163] [DEBUG] cheese - admin
[2020-09-17T11:42:14.165] [DEBUG] cheese - null
[2020-09-17T11:42:14.165] [DEBUG] cheese - null
[2020-09-17T14:15:35.797] [DEBUG] cheese - login => username:admin,password:123456
[2020-09-17T14:15:35.797] [DEBUG] cheese - admin
[2020-09-17T14:15:35.798] [DEBUG] cheese - null
[2020-09-17T14:15:35.798] [DEBUG] cheese - null
[2020-09-17T18:55:44.860] [DEBUG] cheese - login => username:admin,password:123456
[2020-09-17T18:55:44.861] [DEBUG] cheese - admin
[2020-09-17T18:55:44.864] [DEBUG] cheese - null
[2020-09-17T18:55:44.864] [DEBUG] cheese - null
[2020-09-18T08:47:36.564] [DEBUG] cheese - login => username:admin,password:123456
[2020-09-18T08:47:36.566] [DEBUG] cheese - admin
[2020-09-18T08:47:36.571] [DEBUG] cheese - null
[2020-09-18T08:47:36.571] [DEBUG] cheese - null
[2020-09-18T10:38:43.007] [DEBUG] cheese - login => username:admin,password:123456
[2020-09-18T10:38:43.008] [DEBUG] cheese - admin
[2020-09-18T10:38:43.010] [DEBUG] cheese - null
[2020-09-18T10:38:43.011] [DEBUG] cheese - null
[2020-09-18T10:42:12.135] [DEBUG] cheese - login => username:admin,password:123456
[2020-09-18T10:42:12.135] [DEBUG] cheese - admin
[2020-09-18T10:42:12.136] [DEBUG] cheese - null
[2020-09-18T10:42:12.136] [DEBUG] cheese - null
[2020-09-19T08:44:39.142] [DEBUG] cheese - login => username:admin,password:123456
[2020-09-19T08:44:39.144] [DEBUG] cheese - admin
[2020-09-19T08:44:39.176] [DEBUG] cheese - null
[2020-09-19T08:44:39.176] [DEBUG] cheese - null
[2020-09-19T16:45:19.110] [DEBUG] cheese - login => username:admin,password:123456
[2020-09-19T16:45:19.110] [DEBUG] cheese - admin
[2020-09-19T16:45:19.117] [DEBUG] cheese - null
[2020-09-19T16:45:19.117] [DEBUG] cheese - null
[2020-09-20T09:32:49.836] [DEBUG] cheese - login => username:admin,password:123456
[2020-09-20T09:32:49.838] [DEBUG] cheese - admin
[2020-09-20T09:32:49.896] [DEBUG] cheese - null
[2020-09-20T09:32:49.896] [DEBUG] cheese - null
